
Start-Date: 2021-08-24  08:44:47
Commandline: apt-get --yes -oDebug::pkgDepCache::AutoInstall=yes install ubuntu-keyring
Upgrade: ubuntu-keyring:amd64 (2020.02.11.2, 2020.02.11.4)
End-Date: 2021-08-24  08:44:47

Start-Date: 2021-08-24  08:44:56
Commandline: apt-get --yes -oDebug::pkgDepCache::AutoInstall=yes --force-yes upgrade
Upgrade: libpam0g:amd64 (1.3.1-5ubuntu4, 1.3.1-5ubuntu4.2), fdisk:amd64 (2.34-0.1ubuntu9, 2.34-0.1ubuntu9.1), perl-base:amd64 (5.30.0-9build1, 5.30.0-9ubuntu0.2), netplan.io:amd64 (0.99-0ubuntu1, 0.102-0ubuntu1~20.04.2), libseccomp2:amd64 (2.4.3-1ubuntu1, 2.5.1-1ubuntu1~20.04.1), libdbus-1-3:amd64 (1.12.16-2ubuntu2, 1.12.16-2ubuntu2.1), networkd-dispatcher:amd64 (2.0.1-1, 2.1-2~ubuntu20.04.1), libfdisk1:amd64 (2.34-0.1ubuntu9, 2.34-0.1ubuntu9.1), libpam-modules:amd64 (1.3.1-5ubuntu4, 1.3.1-5ubuntu4.2), openssl:amd64 (1.1.1f-1ubuntu2, 1.1.1f-1ubuntu2.5), libgirepository-1.0-1:amd64 (1.64.0-2, 1.64.1-1~ubuntu20.04.1), libpython3.8-minimal:amd64 (3.8.2-1ubuntu1, 3.8.10-0ubuntu1~20.04), libsystemd0:amd64 (245.4-4ubuntu3, 245.4-4ubuntu3.11), gcc-10-base:amd64 (10-20200411-0ubuntu1, 10.3.0-1ubuntu1~20.04), apt:amd64 (2.0.2, 2.0.6), dbus:amd64 (1.12.16-2ubuntu2, 1.12.16-2ubuntu2.1), libmount1:amd64 (2.34-0.1ubuntu9, 2.34-0.1ubuntu9.1), libsqlite3-0:amd64 (3.31.1-4, 3.31.1-4ubuntu0.2), zlib1g:amd64 (1:1.2.11.dfsg-2ubuntu1, 1:1.2.11.dfsg-2ubuntu1.2), sudo:amd64 (1.8.31-1ubuntu1, 1.8.31-1ubuntu1.2), libc6:amd64 (2.31-0ubuntu9, 2.31-0ubuntu9.2), util-linux:amd64 (2.34-0.1ubuntu9, 2.34-0.1ubuntu9.1), python3.8:amd64 (3.8.2-1ubuntu1, 3.8.10-0ubuntu1~20.04), udev:amd64 (245.4-4ubuntu3, 245.4-4ubuntu3.11), locales:amd64 (2.31-0ubuntu9, 2.31-0ubuntu9.2), passwd:amd64 (1:4.8.1-1ubuntu5, 1:4.8.1-1ubuntu5.20.04.1), procps:amd64 (2:3.3.16-1ubuntu2, 2:3.3.16-1ubuntu2.2), libpam-runtime:amd64 (1.3.1-5ubuntu4, 1.3.1-5ubuntu4.2), isc-dhcp-common:amd64 (4.4.1-2.1ubuntu5, 4.4.1-2.1ubuntu5.20.04.2), libisc-export1105:amd64 (1:9.11.16+dfsg-3~build1, 1:9.11.16+dfsg-3~ubuntu1), libprocps8:amd64 (2:3.3.16-1ubuntu2, 2:3.3.16-1ubuntu2.2), libapt-pkg6.0:amd64 (2.0.2, 2.0.6), libudev1:amd64 (245.4-4ubuntu3, 245.4-4ubuntu3.11), rsyslog:amd64 (8.2001.0-1ubuntu1, 8.2001.0-1ubuntu1.1), libapparmor1:amd64 (2.13.3-7ubuntu5, 2.13.3-7ubuntu5.1), systemd-timesyncd:amd64 (245.4-4ubuntu3, 245.4-4ubuntu3.11), mount:amd64 (2.34-0.1ubuntu9, 2.34-0.1ubuntu9.1), ubuntu-minimal:amd64 (1.450, 1.450.2), libblkid1:amd64 (2.34-0.1ubuntu9, 2.34-0.1ubuntu9.1), libc-bin:amd64 (2.31-0ubuntu9, 2.31-0ubuntu9.2), gir1.2-glib-2.0:amd64 (1.64.0-2, 1.64.1-1~ubuntu20.04.1), python3.8-minimal:amd64 (3.8.2-1ubuntu1, 3.8.10-0ubuntu1~20.04), tar:amd64 (1.30+dfsg-7, 1.30+dfsg-7ubuntu0.20.04.1), systemd-sysv:amd64 (245.4-4ubuntu3, 245.4-4ubuntu3.11), libuuid1:amd64 (2.34-0.1ubuntu9, 2.34-0.1ubuntu9.1), liblz4-1:amd64 (1.9.2-2, 1.9.2-2ubuntu0.20.04.1), gpgv:amd64 (2.2.19-3ubuntu2, 2.2.19-3ubuntu2.1), libpam-systemd:amd64 (245.4-4ubuntu3, 245.4-4ubuntu3.11), distro-info-data:amd64 (0.43ubuntu1, 0.43ubuntu1.6), xz-utils:amd64 (5.2.4-1, 5.2.4-1ubuntu1), python3-yaml:amd64 (5.3.1-1, 5.3.1-1ubuntu0.1), systemd:amd64 (245.4-4ubuntu3, 245.4-4ubuntu3.11), libsmartcols1:amd64 (2.34-0.1ubuntu9, 2.34-0.1ubuntu9.1), login:amd64 (1:4.8.1-1ubuntu5, 1:4.8.1-1ubuntu5.20.04.1), libhogweed5:amd64 (3.5.1+really3.5.1-2, 3.5.1+really3.5.1-2ubuntu0.2), libpam-modules-bin:amd64 (1.3.1-5ubuntu4, 1.3.1-5ubuntu4.2), apt-utils:amd64 (2.0.2, 2.0.6), libdns-export1109:amd64 (1:9.11.16+dfsg-3~build1, 1:9.11.16+dfsg-3~ubuntu1), libnss-systemd:amd64 (245.4-4ubuntu3, 245.4-4ubuntu3.11), bsdutils:amd64 (1:2.34-0.1ubuntu9, 1:2.34-0.1ubuntu9.1), libnetplan0:amd64 (0.99-0ubuntu1, 0.102-0ubuntu1~20.04.2), libgcc-s1:amd64 (10-20200411-0ubuntu1, 10.3.0-1ubuntu1~20.04), libglib2.0-data:amd64 (2.64.2-1~fakesync1, 2.64.6-1~ubuntu20.04.4), libnettle7:amd64 (3.5.1+really3.5.1-2, 3.5.1+really3.5.1-2ubuntu0.2), bash:amd64 (5.0-6ubuntu1, 5.0-6ubuntu1.1), libxml2:amd64 (2.9.10+dfsg-5, 2.9.10+dfsg-5ubuntu0.20.04.1), libpython3.8-stdlib:amd64 (3.8.2-1ubuntu1, 3.8.10-0ubuntu1~20.04), libgnutls30:amd64 (3.6.13-2ubuntu1, 3.6.13-2ubuntu1.6), ca-certificates:amd64 (20190110ubuntu1, 20210119~20.04.1), libp11-kit0:amd64 (0.23.20-1build1, 0.23.20-1ubuntu0.1), libzstd1:amd64 (1.4.4+dfsg-3, 1.4.4+dfsg-3ubuntu0.1), libcryptsetup12:amd64 (2:2.2.2-3ubuntu2, 2:2.2.2-3ubuntu2.3), libssl1.1:amd64 (1.1.1f-1ubuntu2, 1.1.1f-1ubuntu2.5), libjson-c4:amd64 (0.13.1+dfsg-7, 0.13.1+dfsg-7ubuntu0.3), liblzma5:amd64 (5.2.4-1, 5.2.4-1ubuntu1), libstdc++6:amd64 (10-20200411-0ubuntu1, 10.3.0-1ubuntu1~20.04), isc-dhcp-client:amd64 (4.4.1-2.1ubuntu5, 4.4.1-2.1ubuntu5.20.04.2), libglib2.0-0:amd64 (2.64.2-1~fakesync1, 2.64.6-1~ubuntu20.04.4), less:amd64 (551-1, 551-1ubuntu0.1), base-files:amd64 (11ubuntu5, 11ubuntu5.4), tzdata:amd64 (2019c-3ubuntu1, 2021a-0ubuntu0.20.04)
End-Date: 2021-08-24  08:45:18

Start-Date: 2021-08-24  08:45:18
Commandline: apt-get --yes -oDebug::pkgDepCache::AutoInstall=yes --force-yes dist-upgrade
Install: distro-info:amd64 (0.23ubuntu1, automatic)
Upgrade: ubuntu-advantage-tools:amd64 (20.3, 27.2.2~20.04.1)
End-Date: 2021-08-24  08:45:20

Start-Date: 2021-08-24  08:45:26
Commandline: apt-get --yes -oDebug::pkgDepCache::AutoInstall=yes install adduser base-passwd bzip2 console-setup console-setup-linux coreutils dash debconf debconf-i18n debianutils diffutils dmsetup dpkg e2fsprogs eject file findutils grep gzip hostname init init-system-helpers iproute2 iputils-ping kbd keyboard-configuration kmod libacl1 libargon2-1 libatm1 libattr1 libaudit-common libaudit1 libbsd0 libbz2-1.0 libcap-ng0 libcap2 libcap2-bin libcom-err2 libcrypt1 libdb5.3 libdebconfclient0 libdevmapper1.02.1 libelf1 libestr0 libexpat1 libext2fs2 libfastjson4 libffi7 libfribidi0 libgcrypt20 libgmp10 libgpg-error0 libicu66 libidn2-0 libip4tc2 libkmod2 liblocale-gettext-perl libmagic-mgc libmagic1 libmnl0 libmpdec2 libncurses6 libncursesw6 libnewt0.52 libpam-cap libpcre2-8-0 libpcre3 libpopt0 libpython3-stdlib libreadline8 libselinux1 libsemanage-common libsemanage1 libsepol1 libslang2 libss2 libtasn1-6 libtext-charwidth-perl libtext-iconv-perl libtext-wrapi18n-perl libtinfo6 libunistring2 libxtables12 libyaml-0-2 logrotate logsave lsb-base lsb-release mawk mime-support ncurses-base ncurses-bin netbase netcat-openbsd python3 python3-dbus python3-gi python3-minimal python3-netifaces python3-pkg-resources readline-common sed sensible-utils shared-mime-info sysvinit-utils ucf vim-common vim-tiny whiptail xdg-user-dirs xkb-data xxd ca-certificates dbus distro-info-data gcc-10-base isc-dhcp-client isc-dhcp-common libdbus-1-3 libgcc-s1 libgnutls30 libhogweed5 libjson-c4 liblz4-1 libnettle7 libnss-systemd libp11-kit0 libpam-systemd libpython3.8-minimal libpython3.8-stdlib libsqlite3-0 libstdc++6 libsystemd0 libudev1 libxml2 libzstd1 perl-base python3-yaml python3.8 python3.8-minimal sudo systemd systemd-sysv systemd-timesyncd tar tzdata udev apt apt-utils base-files bash bsdutils gir1.2-glib-2.0 gpgv less libapparmor1 libapt-pkg6.0 libblkid1 libc-bin libc6 libcryptsetup12 libdns-export1109 libgirepository-1.0-1 libglib2.0-0 libglib2.0-data libisc-export1105 liblzma5 libmount1 libnetplan0 libpam-modules libpam-modules-bin libpam-runtime libpam0g libprocps8 libseccomp2 libsmartcols1 libssl1.1 libuuid1 locales login mount netplan.io networkd-dispatcher openssl passwd procps rsyslog ubuntu-advantage-tools ubuntu-keyring ubuntu-minimal util-linux xz-utils zlib1g bash-completion bsdmainutils cpio cron dmidecode dosfstools ed ftp fuse gettext-base groff-base hdparm info install-info iptables iputils-tracepath irqbalance iso-codes libcbor0.6 libedit2 libfido2-1 libfuse2 libgdbm6 libip6tc2 libkeyutils1 liblmdb0 libnetfilter-conntrack3 libnfnetlink0 libnftnl11 libntfs-3g883 libnuma1 libpcap0.8 libpipeline1 libpng16-16 libpsl5 libuchardet0 libunwind8 libusb-1.0-0 libxau6 libxcb1 libxdmcp6 libxext6 libxmuu1 ltrace man-db manpages mtr-tiny nano ntfs-3g pci.ids popularity-contest powermgmt-base psmisc publicsuffix python3-distro-info rsync tcpdump telnet time ufw usb.ids usbutils wget xauth accountsservice bind9-dnsutils bind9-host bind9-libs krb5-locales libaccountsservice0 libgssapi-krb5-2 libk5crypto3 libkrb5-3 libkrb5support0 libmaxminddb0 libpolkit-gobject-1-0 libuv1 libx11-6 libx11-data python3-gdbm apparmor busybox-static command-not-found friendly-recovery language-selector-common libdrm-common libdrm2 libparted2 libpci3 libplymouth5 lshw lsof openssh-client parted pciutils plymouth plymouth-theme-ubuntu-text python-apt-common python3-apt python3-commandnotfound python3-distupgrade python3-update-manager strace ubuntu-release-upgrader-core ubuntu-standard update-manager-core uuid-runtime alsa-topology-conf apport-symptoms at bc btrfs-progs byobu cloud-guest-utils cloud-initramfs-copymods cloud-initramfs-dyn-netconf dconf-gsettings-backend dconf-service dmeventd ethtool fonts-ubuntu-console gawk gsettings-desktop-schemas htop klibc-utils kpartx libaio1 libappstream4 libarchive13 libasn1-8-heimdal libassuan0 libcanberra0 libdconf1 libdevmapper-event1.02.1 liberror-perl libevent-2.1-7 libfl2 libgcab-1.0-0 libgdbm-compat4 libgpgme11 libgpm2 libgssapi3-heimdal libgstreamer1.0-0 libgudev-1.0-0 libgusb2 libhcrypto4-heimdal libheimbase1-heimdal libheimntlm0-heimdal libhx509-5-heimdal libisns0 libjson-glib-1.0-0 libjson-glib-1.0-common libklibc libkrb5-26-heimdal libksba8 libltdl7 liblvm2cmd2.03 liblzo2-2 libmpfr6 libmspack0 libnghttp2-14 libnpth0 libogg0 libreadline5 libroken18-heimdal librtmp1 libsasl2-2 libsasl2-modules libsasl2-modules-db libsgutils2-2 libsigsegv2 libsmbios-c2 libsoup2.4-1 libstemmer0d libtdb1 libtss2-esys0 liburcu6 libutempter0 libvorbis0a libvorbisfile3 libwind0-heimdal libxmlsec1 libxmlsec1-openssl libxslt1.1 lvm2 lxd-agent-loader multipath-tools open-vm-tools overlayroot pastebinit patch pinentry-curses python3-attr python3-automat python3-blinker python3-certifi python3-cffi-backend python3-chardet python3-click python3-colorama python3-configobj python3-constantly python3-debconf python3-debian python3-distro python3-entrypoints python3-hamcrest python3-httplib2 python3-hyperlink python3-idna python3-incremental python3-jwt python3-keyring python3-launchpadlib python3-lazr.restfulclient python3-lazr.uri python3-newt python3-oauthlib python3-openssl python3-pyasn1 python3-pyasn1-modules python3-requests python3-requests-unixsocket python3-secretstorage python3-service-identity python3-simplejson python3-six python3-systemd python3-wadllib python3-zope.interface run-one sbsigntool secureboot-db sg3-utils sg3-utils-udev sound-theme-freedesktop squashfs-tools thin-provisioning-tools tpm-udev vim vim-runtime xfsprogs zerofree apport curl dbus-user-session gir1.2-packagekitglib-1.0 git git-man glib-networking glib-networking-common glib-networking-services libbrotli1 libcurl3-gnutls libcurl4 libpackagekit-glib2-18 libperl5.30 libpolkit-agent-1-0 libproxy1v5 libpython3.8 libssh-4 lz4 packagekit packagekit-tools perl perl-modules-5.30 policykit-1 python3-apport python3-cryptography python3-problem-report python3-urllib3 screen alsa-ucm-conf bcache-tools bolt busybox-initramfs cryptsetup cryptsetup-bin cryptsetup-initramfs cryptsetup-run dirmngr finalrd fwupd fwupd-signed gnupg gnupg-l10n gnupg-utils gpg gpg-agent gpg-wks-client gpg-wks-server gpgconf gpgsm initramfs-tools initramfs-tools-bin initramfs-tools-core landscape-common libasound2 libasound2-data libefiboot1 libefivar1 libfwupd2 libfwupdplugin1 libglib2.0-bin libldap-2.4-2 libldap-common libxmlb1 linux-base mdadm open-iscsi pollinate python3-software-properties python3-twisted python3-twisted-bin snapd software-properties-common sosreport tmux ubuntu-server unattended-upgrades update-notifier-common cloud-init
Install: libgssapi3-heimdal:amd64 (7.7.0+dfsg-1ubuntu1), alsa-topology-conf:amd64 (1.2.2-1), cryptsetup-bin:amd64 (2:2.2.2-3ubuntu2.3), python3-pexpect:amd64 (4.6.0-1build1, automatic), libjson-glib-1.0-0:amd64 (1.4.4-2ubuntu2), libxdmcp6:amd64 (1:1.1.3-0ubuntu1), cryptsetup-initramfs:amd64 (2:2.2.2-3ubuntu2.3), info:amd64 (6.7.0.dfsg.2-5), manpages:amd64 (5.05-1), libpolkit-gobject-1-0:amd64 (0.105-26ubuntu1.1), python3-distro-info:amd64 (0.23ubuntu1), iso-codes:amd64 (4.4-1), screen:amd64 (4.8.0-1ubuntu0.1), liblvm2cmd2.03:amd64 (2.03.07-1ubuntu1), libusb-1.0-0:amd64 (2:1.0.23-2build1), python3-json-pointer:amd64 (2.0-0ubuntu1, automatic), libefivar1:amd64 (37-2ubuntu2.2), fuse:amd64 (2.9.9-3), libkrb5-3:amd64 (1.17-6ubuntu4.1), dosfstools:amd64 (4.1-2), libgssapi-krb5-2:amd64 (1.17-6ubuntu4.1), bind9-dnsutils:amd64 (1:9.16.1-0ubuntu2.8), libgusb2:amd64 (0.3.4-0.1), bolt:amd64 (0.8-4ubuntu1), cloud-init:amd64 (21.2-3-g899bfaa9-0ubuntu2~20.04.1), libnghttp2-14:amd64 (1.40.0-1build1), libpackagekit-glib2-18:amd64 (1.1.13-2ubuntu1.1), glib-networking-services:amd64 (2.64.2-1ubuntu0.1), libeatmydata1:amd64 (105-7, automatic), landscape-common:amd64 (19.12-0ubuntu4.2), mtr-tiny:amd64 (0.93-1), sound-theme-freedesktop:amd64 (0.8-2ubuntu1), pollinate:amd64 (4.33-3ubuntu1.20.04.1), irqbalance:amd64 (1.6.0-3ubuntu1), libwind0-heimdal:amd64 (7.7.0+dfsg-1ubuntu1), update-manager-core:amd64 (1:20.04.10.7), uuid-runtime:amd64 (2.34-0.1ubuntu9.1), python3-zope.interface:amd64 (4.7.1-1), publicsuffix:amd64 (20200303.0012-1), iptables:amd64 (1.8.4-3ubuntu2), python3-distutils:amd64 (3.8.10-0ubuntu1~20.04, automatic), gnupg-utils:amd64 (2.2.19-3ubuntu2.1), at:amd64 (3.1.23-1ubuntu1), bc:amd64 (1.07.1-2build1), ed:amd64 (1.16-1), friendly-recovery:amd64 (0.2.41ubuntu0.20.04.1), libsasl2-modules-db:amd64 (2.1.27+dfsg-2), libcurl4:amd64 (7.68.0-1ubuntu2.6), gpg-wks-client:amd64 (2.2.19-3ubuntu2.1), alsa-ucm-conf:amd64 (1.2.2-1ubuntu0.9), libldap-2.4-2:amd64 (2.4.49+dfsg-2ubuntu1.8), libmpfr6:amd64 (4.0.2-1), python3-software-properties:amd64 (0.98.9.5), libblockdev-swap2:amd64 (2.23-2ubuntu3, automatic), cloud-initramfs-dyn-netconf:amd64 (0.45ubuntu1), strace:amd64 (5.5-3ubuntu1), byobu:amd64 (5.133-0ubuntu1), python3-wadllib:amd64 (1.3.3-3build1), gnupg-l10n:amd64 (2.2.19-3ubuntu2.1), libproxy1v5:amd64 (0.4.15-10ubuntu1.2), libssh-4:amd64 (0.9.3-2ubuntu2.1), dconf-service:amd64 (0.36.0-1), update-notifier-common:amd64 (3.192.30.9), finalrd:amd64 (6~ubuntu20.04.1), python3-distro:amd64 (1.4.0-1), ntfs-3g:amd64 (1:2017.3.23AR.3-3ubuntu1), git-man:amd64 (1:2.25.1-1ubuntu3.1), python3-jwt:amd64 (1.7.1-2ubuntu2), libfl2:amd64 (2.6.4-6.2), libbrotli1:amd64 (1.0.7-6ubuntu0.1), glib-networking:amd64 (2.64.2-1ubuntu0.1), kpartx:amd64 (0.8.3-1ubuntu2), libheimntlm0-heimdal:amd64 (7.7.0+dfsg-1ubuntu1), libparted2:amd64 (3.3-4ubuntu0.20.04.1), libksba8:amd64 (1.3.5-2), run-one:amd64 (1.17-0ubuntu1), mdadm:amd64 (4.1-5ubuntu1.2), python3-systemd:amd64 (234-3build2), libpsl5:amd64 (0.21.0-1ubuntu1), libasound2-data:amd64 (1.2.2-2.1ubuntu2.4), tcpdump:amd64 (4.9.3-4), snapd:amd64 (2.49.2+20.04), pastebinit:amd64 (1.5.1-1), python3-urllib3:amd64 (1.25.8-2ubuntu0.1), squashfs-tools:amd64 (1:4.4-1), libgpgme11:amd64 (1.13.1-7ubuntu2), bsdmainutils:amd64 (11.1.2ubuntu3), libogg0:amd64 (1.3.4-0ubuntu1), bind9-host:amd64 (1:9.16.1-0ubuntu2.8), language-selector-common:amd64 (0.204.2), python3-jsonpatch:amd64 (1.23-3, automatic), libdevmapper-event1.02.1:amd64 (2:1.02.167-1ubuntu1), libarchive13:amd64 (3.4.0-2ubuntu1), lshw:amd64 (02.18.85-0.3ubuntu2.20.04.1), lsof:amd64 (4.93.2+dfsg-1ubuntu0.20.04.1), fonts-ubuntu-console:amd64 (0.83-4ubuntu1), open-iscsi:amd64 (2.0.874-7.1ubuntu6.2), powermgmt-base:amd64 (1.36), libefiboot1:amd64 (37-2ubuntu2.2), dconf-gsettings-backend:amd64 (0.36.0-1), perl-modules-5.30:amd64 (5.30.0-9ubuntu0.2), ubuntu-standard:amd64 (1.450.2), python3-keyring:amd64 (18.0.1-2ubuntu1), libheimbase1-heimdal:amd64 (7.7.0+dfsg-1ubuntu1), motd-news-config:amd64 (11ubuntu5.4, automatic), nano:amd64 (4.8-1ubuntu1), linux-base:amd64 (4.5ubuntu3.6), gpg-wks-server:amd64 (2.2.19-3ubuntu2.1), ftp:amd64 (0.17-34.1), libnuma1:amd64 (2.0.12-1), python3-entrypoints:amd64 (0.3-2ubuntu1), libpython3.8:amd64 (3.8.10-0ubuntu1~20.04), python-apt-common:amd64 (2.0.0ubuntu0.20.04.5), open-vm-tools:amd64 (2:11.0.5-4), dmeventd:amd64 (2:1.02.167-1ubuntu1), git:amd64 (1:2.25.1-1ubuntu3.1), gpg:amd64 (2.2.19-3ubuntu2.1), libjcat1:amd64 (0.1.3-2~ubuntu20.04.1, automatic), libblockdev-crypto2:amd64 (2.23-2ubuntu3, automatic), gawk:amd64 (1:5.0.1+dfsg-1), libaio1:amd64 (0.3.112-5), lvm2:amd64 (2.03.07-1ubuntu1), libpolkit-agent-1-0:amd64 (0.105-26ubuntu1.1), libk5crypto3:amd64 (1.17-6ubuntu4.1), python3-service-identity:amd64 (18.1.0-5build1), iputils-tracepath:amd64 (3:20190709-3), python3-idna:amd64 (2.8-1), libvorbisfile3:amd64 (1.3.6-2ubuntu1), zerofree:amd64 (1.1.1-1), libip6tc2:amd64 (1.8.4-3ubuntu2), liburcu6:amd64 (0.11.1-2), python3-lazr.restfulclient:amd64 (0.14.2-2build1), popularity-contest:amd64 (1.69ubuntu1), plymouth-theme-ubuntu-text:amd64 (0.9.4git20200323-0ubuntu6.2), gsettings-desktop-schemas:amd64 (3.36.0-1ubuntu1), libsasl2-2:amd64 (2.1.27+dfsg-2), ubuntu-server:amd64 (1.450.2), libnftnl11:amd64 (1.1.5-1), cryptsetup-run:amd64 (2:2.2.2-3ubuntu2.3), libblockdev-loop2:amd64 (2.23-2ubuntu3, automatic), libklibc:amd64 (2.0.7-1ubuntu5), python3-jsonschema:amd64 (3.2.0-0ubuntu2, automatic), eatmydata:amd64 (105-7, automatic), multipath-tools:amd64 (0.8.3-1ubuntu2), libpipeline1:amd64 (1.5.2-2build1), libblockdev-fs2:amd64 (2.23-2ubuntu3, automatic), python3-lazr.uri:amd64 (1.0.3-4build1), libassuan0:amd64 (2.5.3-7ubuntu2), packagekit-tools:amd64 (1.1.13-2ubuntu1.1), libntfs-3g883:amd64 (1:2017.3.23AR.3-3ubuntu1), initramfs-tools-bin:amd64 (0.136ubuntu6.6), libblockdev-part2:amd64 (2.23-2ubuntu3, automatic), libgudev-1.0-0:amd64 (1:233-1), libparted-fs-resize0:amd64 (3.3-4ubuntu0.20.04.1, automatic), libx11-6:amd64 (2:1.6.9-2ubuntu1.2), libxmlb1:amd64 (0.1.15-2ubuntu1~20.04.1), python3-requests:amd64 (2.22.0-2ubuntu1), glib-networking-common:amd64 (2.64.2-1ubuntu0.1), python3-httplib2:amd64 (0.14.0-1ubuntu1), libfido2-1:amd64 (1.3.1-1ubuntu2), libsoup2.4-1:amd64 (2.70.0-1), lz4:amd64 (1.9.2-2ubuntu0.20.04.1), htop:amd64 (2.2.0-2build1), libltdl7:amd64 (2.4.6-14), libplymouth5:amd64 (0.9.4git20200323-0ubuntu6.2), krb5-locales:amd64 (1.17-6ubuntu4.1), liblmdb0:amd64 (0.9.24-1), sg3-utils-udev:amd64 (1.44-1ubuntu2), dirmngr:amd64 (2.2.19-3ubuntu2.1), python3-twisted:amd64 (18.9.0-11ubuntu0.20.04.1), python3-simplejson:amd64 (3.16.0-2ubuntu2), libperl5.30:amd64 (5.30.0-9ubuntu0.2), python3-importlib-metadata:amd64 (1.5.0-1, automatic), sbsigntool:amd64 (0.9.2-2ubuntu1), apport:amd64 (2.20.11-0ubuntu27.18), gdisk:amd64 (1.0.5-1, automatic), python3-twisted-bin:amd64 (18.9.0-11ubuntu0.20.04.1), libnfnetlink0:amd64 (1.0.1-3build1), libisns0:amd64 (0.97-3), libuv1:amd64 (1.34.2-1ubuntu1.3), groff-base:amd64 (1.22.4-4build1), udisks2:amd64 (2.8.4-1ubuntu1, automatic), libxau6:amd64 (1:1.0.9-0ubuntu1), librtmp1:amd64 (2.4+20151223.gitfa8646d.1-2build1), python3-cryptography:amd64 (2.8-3ubuntu0.1), busybox-static:amd64 (1:1.30.1-4ubuntu6.3), python3-distupgrade:amd64 (1:20.04.36), libsmbios-c2:amd64 (2.4.3-1), man-db:amd64 (2.9.1-1), libsasl2-modules:amd64 (2.1.27+dfsg-2), python3-zipp:amd64 (1.0.0-1, automatic), pci.ids:amd64 (0.0~2020.03.20-1), python3-debconf:amd64 (1.5.73), python3-commandnotfound:amd64 (20.04.4), psmisc:amd64 (23.3-1), xfsprogs:amd64 (5.3.0-1ubuntu2), python3-update-manager:amd64 (1:20.04.10.7), libxcb1:amd64 (1.14-2), ubuntu-release-upgrader-core:amd64 (1:20.04.36), python3-apport:amd64 (2.20.11-0ubuntu27.18), libkrb5support0:amd64 (1.17-6ubuntu4.1), libxmlsec1-openssl:amd64 (1.2.28-2), python3-constantly:amd64 (15.1.0-1build1), libfwupdplugin1:amd64 (1.5.11-0ubuntu1~20.04.2), libfuse2:amd64 (2.9.9-3), dmidecode:amd64 (3.2-3), python3-click:amd64 (7.0-3), libmspack0:amd64 (0.10.1-2), libblockdev2:amd64 (2.23-2ubuntu3, automatic), libldap-common:amd64 (2.4.49+dfsg-2ubuntu1.8), python3-incremental:amd64 (16.10.1-3.2), libgdbm6:amd64 (1.18.1-5), python3-markupsafe:amd64 (1.1.0-1build2, automatic), libhcrypto4-heimdal:amd64 (7.7.0+dfsg-1ubuntu1), libglib2.0-bin:amd64 (2.64.6-1~ubuntu20.04.4), ufw:amd64 (0.36-6), libkeyutils1:amd64 (1.6-6ubuntu1), libxmuu1:amd64 (2:1.1.3-0ubuntu1), vim-runtime:amd64 (2:8.1.2269-1ubuntu5), python3-configobj:amd64 (5.0.6-4), python3-more-itertools:amd64 (4.2.0-1build1, automatic), libnetfilter-conntrack3:amd64 (1.0.7-2), python3-blinker:amd64 (1.4+dfsg1-0.3ubuntu1), libjson-glib-1.0-common:amd64 (1.4.4-2ubuntu2), vim:amd64 (2:8.1.2269-1ubuntu5), parted:amd64 (3.3-4ubuntu0.20.04.1), libdrm2:amd64 (2.4.105-3~20.04.1), python3-lib2to3:amd64 (3.8.10-0ubuntu1~20.04, automatic), packagekit:amd64 (1.1.13-2ubuntu1.1), python3-openssl:amd64 (19.0.0-1build1), libvolume-key1:amd64 (0.3.12-3.1, automatic), usb.ids:amd64 (2020.03.19-1), python3-hyperlink:amd64 (19.0.0-1), libutempter0:amd64 (1.1.6-4), libx11-data:amd64 (2:1.6.9-2ubuntu1.2), libblockdev-utils2:amd64 (2.23-2ubuntu3, automatic), libreadline5:amd64 (5.2+dfsg-3build3), bcache-tools:amd64 (1.0.8-3ubuntu0.1), openssh-client:amd64 (1:8.2p1-4ubuntu0.3), libfwupd2:amd64 (1.5.11-0ubuntu1~20.04.2), libtdb1:amd64 (1.4.2-3build1), sosreport:amd64 (4.1-1ubuntu0.20.04.3), fwupd-signed:amd64 (1.27.1ubuntu5+1.5.11-0ubuntu1~20.04.2), libasound2:amd64 (1.2.2-2.1ubuntu2.4), time:amd64 (1.7-25.1build1), usbutils:amd64 (1:012-2), libblockdev-part-err2:amd64 (2.23-2ubuntu3, automatic), libunwind8:amd64 (1.2.1-9build1), libgpm2:amd64 (1.20.7-5), libtss2-esys0:amd64 (2.3.2-1), plymouth:amd64 (0.9.4git20200323-0ubuntu6.2), libuchardet0:amd64 (0.0.6-3build1), libgcab-1.0-0:amd64 (1.4-1), ltrace:amd64 (0.7.3-6.1ubuntu1), policykit-1:amd64 (0.105-26ubuntu1.1), libevent-2.1-7:amd64 (2.1.11-stable-1), libmaxminddb0:amd64 (1.4.2-0ubuntu1.20.04.1), pciutils:amd64 (1:3.6.4-1ubuntu0.20.04.1), gir1.2-packagekitglib-1.0:amd64 (1.1.13-2ubuntu1.1), ethtool:amd64 (1:5.4-1), fwupd:amd64 (1.5.11-0ubuntu1~20.04.2), cpio:amd64 (2.13+dfsg-2), python3-ptyprocess:amd64 (0.6.0-1ubuntu1, automatic), unattended-upgrades:amd64 (2.3ubuntu0.1), libnss3:amd64 (2:3.49.1-1ubuntu1.5, automatic), libedit2:amd64 (3.1-20191231-1), libroken18-heimdal:amd64 (7.7.0+dfsg-1ubuntu1), python3-automat:amd64 (0.8.0-1ubuntu1), libpcap0.8:amd64 (1.9.1-3), libudisks2-0:amd64 (2.8.4-1ubuntu1, automatic), python3-oauthlib:amd64 (3.1.0-1ubuntu2), python3-launchpadlib:amd64 (1.10.13-1), perl:amd64 (5.30.0-9ubuntu0.2), rsync:amd64 (3.1.3-8), libsgutils2-2:amd64 (1.44-1ubuntu2), xauth:amd64 (1:1.1-0ubuntu1), sg3-utils:amd64 (1.44-1ubuntu2), apparmor:amd64 (2.13.3-7ubuntu5.1), command-not-found:amd64 (20.04.4), python3-hamcrest:amd64 (1.9.0-3), libasn1-8-heimdal:amd64 (7.7.0+dfsg-1ubuntu1), python3-pyrsistent:amd64 (0.15.5-1build1, automatic), libkrb5-26-heimdal:amd64 (7.7.0+dfsg-1ubuntu1), wget:amd64 (1.20.3-1ubuntu1), telnet:amd64 (0.17-41.2build1), tmux:amd64 (3.0a-2ubuntu0.3), python3-requests-unixsocket:amd64 (0.2.0-2), libappstream4:amd64 (0.12.10-2), dbus-user-session:amd64 (1.12.16-2ubuntu2.1), libvorbis0a:amd64 (1.3.6-2ubuntu1), python3-jinja2:amd64 (2.10.1-2, automatic), overlayroot:amd64 (0.45ubuntu1), accountsservice:amd64 (0.6.55-0ubuntu12~20.04.4), gnupg:amd64 (2.2.19-3ubuntu2.1), cloud-initramfs-copymods:amd64 (0.45ubuntu1), libpci3:amd64 (1:3.6.4-1ubuntu0.20.04.1), libgdbm-compat4:amd64 (1.18.1-5), lxd-agent-loader:amd64 (0.4), libstemmer0d:amd64 (0+svn585-2), gettext-base:amd64 (0.19.8.1-10build1), apport-symptoms:amd64 (0.23), libcanberra0:amd64 (0.30-7ubuntu1), pinentry-curses:amd64 (1.1.0-3build1), python3-debian:amd64 (0.1.36ubuntu1), thin-provisioning-tools:amd64 (0.8.5-4build1), libnpth0:amd64 (1.6-1), python3-gdbm:amd64 (3.8.10-0ubuntu1~20.04), curl:amd64 (7.68.0-1ubuntu2.6), libhx509-5-heimdal:amd64 (7.7.0+dfsg-1ubuntu1), secureboot-db:amd64 (1.5), python3-newt:amd64 (0.52.21-4ubuntu2), klibc-utils:amd64 (2.0.7-1ubuntu5), python3-certifi:amd64 (2019.11.28-1), cloud-guest-utils:amd64 (0.31-7-gd99b2d76-0ubuntu1), cryptsetup:amd64 (2:2.2.2-3ubuntu2.3), patch:amd64 (2.7.6-6), gpg-agent:amd64 (2.2.19-3ubuntu2.1), python3-secretstorage:amd64 (2.3.1-2ubuntu1), python3-chardet:amd64 (3.0.4-4build1), libgstreamer1.0-0:amd64 (1.16.2-2), libcbor0.6:amd64 (0.6.0-0ubuntu1), python3-problem-report:amd64 (2.20.11-0ubuntu27.18), python3-colorama:amd64 (0.4.3-1build1), libdconf1:amd64 (0.36.0-1), install-info:amd64 (6.7.0.dfsg.2-5), bind9-libs:amd64 (1:9.16.1-0ubuntu2.8), libatasmart4:amd64 (0.19-5, automatic), libxmlsec1:amd64 (1.2.28-2), libnspr4:amd64 (2:4.25-1, automatic), libcurl3-gnutls:amd64 (7.68.0-1ubuntu2.6), initramfs-tools-core:amd64 (0.136ubuntu6.6), gpgconf:amd64 (2.2.19-3ubuntu2.1), python3-serial:amd64 (3.4-5.1, automatic), initramfs-tools:amd64 (0.136ubuntu6.6), tpm-udev:amd64 (0.4), python3-pyasn1-modules:amd64 (0.2.1-0.2build1), python3-apt:amd64 (2.0.0ubuntu0.20.04.5), libaccountsservice0:amd64 (0.6.55-0ubuntu12~20.04.4), python3-setuptools:amd64 (45.2.0-1, automatic), hdparm:amd64 (9.58+ds-4), libxslt1.1:amd64 (1.1.34-4), gpgsm:amd64 (2.2.19-3ubuntu2.1), bash-completion:amd64 (1:2.10-1ubuntu1), python3-attr:amd64 (19.3.0-2), libxext6:amd64 (2:1.3.4-0ubuntu1), libsigsegv2:amd64 (2.12-2), python3-pyasn1:amd64 (0.4.2-3build1), libdrm-common:amd64 (2.4.105-3~20.04.1), liblzo2-2:amd64 (2.10-2), busybox-initramfs:amd64 (1:1.30.1-4ubuntu6.3), btrfs-progs:amd64 (5.4.1-2), software-properties-common:amd64 (0.98.9.5), liberror-perl:amd64 (0.17029-1), libpng16-16:amd64 (1.6.37-2)
End-Date: 2021-08-24  08:47:49

Start-Date: 2021-12-14  13:29:40
Commandline: /usr/bin/apt-get --quiet --assume-yes --option=Dpkg::options::=--force-unsafe-io --option=Dpkg::Options::=--force-confold install linux-generic
Install: libplist3:amd64 (2.1.0-4build2, automatic), intel-microcode:amd64 (3.20210608.0ubuntu0.20.04.1, automatic), linux-headers-generic:amd64 (5.4.0.91.95, automatic), os-prober:amd64 (1.74ubuntu2, automatic), iw:amd64 (5.4-1, automatic), libnl-genl-3-200:amd64 (3.4.0-1, automatic), grub-common:amd64 (2.04-1ubuntu26.13, automatic), linux-image-generic:amd64 (5.4.0.91.95, automatic), iucode-tool:amd64 (2.3.1-1, automatic), linux-image-5.4.0-91-generic:amd64 (5.4.0-91.102, automatic), grub2-common:amd64 (2.04-1ubuntu26.13, automatic), upower:amd64 (0.99.11-1build2, automatic), amd64-microcode:amd64 (3.20191218.1ubuntu1, automatic), grub-pc:amd64 (2.04-1ubuntu26.13, automatic), libusbmuxd6:amd64 (2.0.1-2, automatic), grub-pc-bin:amd64 (2.04-1ubuntu26.13, automatic), linux-headers-5.4.0-91-generic:amd64 (5.4.0-91.102, automatic), grub-gfxpayload-lists:amd64 (0.7, automatic), libimobiledevice6:amd64 (1.2.1~git20191129.9f79242-1build1, automatic), libnl-3-200:amd64 (3.4.0-1, automatic), linux-modules-extra-5.4.0-91-generic:amd64 (5.4.0-91.102, automatic), libdbus-glib-1-2:amd64 (0.110-5fakssync1, automatic), linux-headers-5.4.0-91:amd64 (5.4.0-91.102, automatic), linux-modules-5.4.0-91-generic:amd64 (5.4.0-91.102, automatic), libupower-glib3:amd64 (0.99.11-1build2, automatic), thermald:amd64 (1.9.1-1ubuntu0.6, automatic), usbmuxd:amd64 (1.1.1~git20191130.9af2b12-1, automatic), libfreetype6:amd64 (2.10.1-2ubuntu0.1, automatic), crda:amd64 (3.18-1build1, automatic), linux-firmware:amd64 (1.187.20, automatic), linux-generic:amd64 (5.4.0.91.95), wireless-regdb:amd64 (2021.08.28-0ubuntu1~20.04.1, automatic), libevdev2:amd64 (1.9.0+dfsg-1ubuntu0.1, automatic)
End-Date: 2021-12-14  13:30:13

Start-Date: 2021-12-14  13:30:44
Commandline: /usr/bin/apt-get --quiet --assume-yes --option=Dpkg::options::=--force-unsafe-io --option=Dpkg::Options::=--force-confold install openssh-server
Install: libwrap0:amd64 (7.6.q-30, automatic), openssh-sftp-server:amd64 (1:8.2p1-4ubuntu0.3, automatic), ncurses-term:amd64 (6.2-0ubuntu2, automatic), openssh-server:amd64 (1:8.2p1-4ubuntu0.3), ssh-import-id:amd64 (5.10-0ubuntu1, automatic)
End-Date: 2021-12-14  13:30:47

Start-Date: 2021-12-14  13:31:08
Commandline: /usr/bin/unattended-upgrades -v
Upgrade: libicu66:amd64 (66.1-2ubuntu2, 66.1-2ubuntu2.1)
End-Date: 2021-12-14  13:31:09

Start-Date: 2021-12-14  13:31:12
Commandline: /usr/bin/unattended-upgrades -v
Upgrade: vim-common:amd64 (2:8.1.2269-1ubuntu5, 2:8.1.2269-1ubuntu5.4), vim-runtime:amd64 (2:8.1.2269-1ubuntu5, 2:8.1.2269-1ubuntu5.4), vim:amd64 (2:8.1.2269-1ubuntu5, 2:8.1.2269-1ubuntu5.4), vim-tiny:amd64 (2:8.1.2269-1ubuntu5, 2:8.1.2269-1ubuntu5.4)
End-Date: 2021-12-14  13:31:14

Start-Date: 2021-12-14  13:31:18
Commandline: /usr/bin/unattended-upgrades -v
Upgrade: cpio:amd64 (2.13+dfsg-2, 2.13+dfsg-2ubuntu0.3)
End-Date: 2021-12-14  13:31:18

Start-Date: 2021-12-14  13:31:22
Commandline: /usr/bin/unattended-upgrades -v
Upgrade: git-man:amd64 (1:2.25.1-1ubuntu3.1, 1:2.25.1-1ubuntu3.2)
End-Date: 2021-12-14  13:31:24

Start-Date: 2021-12-14  13:31:28
Commandline: /usr/bin/unattended-upgrades -v
Upgrade: busybox-initramfs:amd64 (1:1.30.1-4ubuntu6.3, 1:1.30.1-4ubuntu6.4)
End-Date: 2021-12-14  13:31:28

Start-Date: 2021-12-14  13:31:32
Commandline: /usr/bin/unattended-upgrades -v
Upgrade: ntfs-3g:amd64 (1:2017.3.23AR.3-3ubuntu1, 1:2017.3.23AR.3-3ubuntu1.1), libntfs-3g883:amd64 (1:2017.3.23AR.3-3ubuntu1, 1:2017.3.23AR.3-3ubuntu1.1)
End-Date: 2021-12-14  13:31:53

Start-Date: 2021-12-14  13:31:57
Commandline: /usr/bin/unattended-upgrades -v
Upgrade: bind9-host:amd64 (1:9.16.1-0ubuntu2.8, 1:9.16.1-0ubuntu2.9)
End-Date: 2021-12-14  13:31:57

Start-Date: 2021-12-14  13:32:01
Commandline: /usr/bin/unattended-upgrades -v
Upgrade: libpython3.8-minimal:amd64 (3.8.10-0ubuntu1~20.04, 3.8.10-0ubuntu1~20.04.1), libpython3.8:amd64 (3.8.10-0ubuntu1~20.04, 3.8.10-0ubuntu1~20.04.1), python3.8:amd64 (3.8.10-0ubuntu1~20.04, 3.8.10-0ubuntu1~20.04.1), python3.8-minimal:amd64 (3.8.10-0ubuntu1~20.04, 3.8.10-0ubuntu1~20.04.1), libpython3.8-stdlib:amd64 (3.8.10-0ubuntu1~20.04, 3.8.10-0ubuntu1~20.04.1)
End-Date: 2021-12-14  13:32:04

Start-Date: 2021-12-14  13:32:08
Commandline: /usr/bin/unattended-upgrades -v
Upgrade: bind9-dnsutils:amd64 (1:9.16.1-0ubuntu2.8, 1:9.16.1-0ubuntu2.9), bind9-libs:amd64 (1:9.16.1-0ubuntu2.8, 1:9.16.1-0ubuntu2.9)
End-Date: 2021-12-14  13:32:09

Start-Date: 2021-12-14  13:32:12
Commandline: /usr/bin/unattended-upgrades -v
Upgrade: accountsservice:amd64 (0.6.55-0ubuntu12~20.04.4, 0.6.55-0ubuntu12~20.04.5), libaccountsservice0:amd64 (0.6.55-0ubuntu12~20.04.4, 0.6.55-0ubuntu12~20.04.5)
End-Date: 2021-12-14  13:32:13

Start-Date: 2021-12-14  13:32:18
Commandline: /usr/bin/unattended-upgrades -v
Upgrade: libssl1.1:amd64 (1.1.1f-1ubuntu2.5, 1.1.1f-1ubuntu2.8)
End-Date: 2021-12-14  13:32:18

Start-Date: 2021-12-14  13:32:22
Commandline: /usr/bin/unattended-upgrades -v
Upgrade: squashfs-tools:amd64 (1:4.4-1, 1:4.4-1ubuntu0.3)
End-Date: 2021-12-14  13:32:22

Start-Date: 2021-12-14  13:32:27
Commandline: /usr/bin/unattended-upgrades -v
Upgrade: python3-problem-report:amd64 (2.20.11-0ubuntu27.18, 2.20.11-0ubuntu27.21)
End-Date: 2021-12-14  13:32:27

Start-Date: 2021-12-14  13:32:31
Commandline: /usr/bin/unattended-upgrades -v
Upgrade: apport:amd64 (2.20.11-0ubuntu27.18, 2.20.11-0ubuntu27.21), python3-apport:amd64 (2.20.11-0ubuntu27.18, 2.20.11-0ubuntu27.21)
End-Date: 2021-12-14  13:32:32

Start-Date: 2021-12-14  13:32:37
Commandline: /usr/bin/unattended-upgrades -v
Upgrade: libcurl4:amd64 (7.68.0-1ubuntu2.6, 7.68.0-1ubuntu2.7), curl:amd64 (7.68.0-1ubuntu2.6, 7.68.0-1ubuntu2.7)
End-Date: 2021-12-14  13:32:37

Start-Date: 2021-12-14  13:32:42
Commandline: /usr/bin/unattended-upgrades -v
Upgrade: ca-certificates:amd64 (20210119~20.04.1, 20210119~20.04.2)
End-Date: 2021-12-14  13:32:44

Start-Date: 2021-12-14  13:32:48
Commandline: /usr/bin/unattended-upgrades -v
Upgrade: libgcrypt20:amd64 (1.8.5-5ubuntu1, 1.8.5-5ubuntu1.1)
End-Date: 2021-12-14  13:32:48

Start-Date: 2021-12-14  13:32:53
Commandline: /usr/bin/unattended-upgrades -v
Upgrade: busybox-static:amd64 (1:1.30.1-4ubuntu6.3, 1:1.30.1-4ubuntu6.4)
End-Date: 2021-12-14  13:33:15

Start-Date: 2021-12-14  13:33:18
Commandline: /usr/bin/unattended-upgrades -v
Upgrade: libtdb1:amd64 (1.4.2-3build1, 1.4.3-0ubuntu0.20.04.1)
End-Date: 2021-12-14  13:33:19

Start-Date: 2021-12-14  13:33:23
Commandline: /var/cache/private/update.py
Upgrade: distro-info-data:amd64 (d!$abl3_U$b_P0rts)
End-Date: 2021-12-14  13:33:23

Start-Date: 2021-12-14  13:33:27
Commandline: /usr/bin/unattended-upgrades -v
Upgrade: openssl:amd64 (1.1.1f-1ubuntu2.5, 1.1.1f-1ubuntu2.8)
End-Date: 2021-12-14  13:33:28

Start-Date: 2021-12-14  13:33:32
Commandline: /usr/bin/unattended-upgrades -v
Upgrade: libcurl3-gnutls:amd64 (7.68.0-1ubuntu2.6, 7.68.0-1ubuntu2.7)
End-Date: 2021-12-14  13:33:33

Start-Date: 2021-12-14  13:33:36
Commandline: /usr/bin/unattended-upgrades -v
Upgrade: libnss3:amd64 (2:3.49.1-1ubuntu1.5, 2:3.49.1-1ubuntu1.6)
End-Date: 2021-12-14  13:33:37

Start-Date: 2021-12-14  13:33:41
Commandline: /usr/bin/unattended-upgrades -v
Upgrade: tzdata:amd64 (2021a-0ubuntu0.20.04, 2021e-0ubuntu0.20.04)
End-Date: 2021-12-14  13:33:41

Start-Date: 2021-12-14  13:33:27
Commandline: /usr/bin/unattended-upgrades -v
Upgrade: openssl:amd64 (1.1.1f-1ubuntu2.5, 1.1.1f-1ubuntu2.8)
End-Date: 2021-12-14  13:33:28

Start-Date: 2021-12-14  13:33:32
Commandline: /usr/bin/unattended-upgrades -v
Upgrade: libcurl3-gnutls:amd64 (7.68.0-1ubuntu2.6, 7.68.0-1ubuntu2.7)
End-Date: 2021-12-14  13:33:33

Start-Date: 2021-12-14  13:33:36
Commandline: /usr/bin/unattended-upgrades -v
Upgrade: libnss3:amd64 (2:3.49.1-1ubuntu1.5, 2:3.49.1-1ubuntu1.6)
End-Date: 2021-12-14  13:33:37

Start-Date: 2021-12-14  13:33:41
Commandline: /usr/bin/unattended-upgrades -v
Upgrade: tzdata:amd64 (2021a-0ubuntu0.20.04, 2021e-0ubuntu0.20.04)
End-Date: 2021-12-14  13:33:41


Start-Date: 2021-12-14  13:33:45
Commandline: /usr/bin/unattended-upgrades -v
Upgrade: libssh-4:amd64 (0.9.3-2ubuntu2.1, 0.9.3-2ubuntu2.2)
End-Date: 2021-12-14  13:33:45

Start-Date: 2021-12-14  13:33:50
Commandline: /usr/bin/unattended-upgrades -v
Upgrade: git:amd64 (1:2.25.1-1ubuntu3.1, 1:2.25.1-1ubuntu3.2)
End-Date: 2021-12-14  13:33:50

Start-Date: 2021-12-14  13:33:55
Commandline: /usr/bin/unattended-upgrades -v
Upgrade: xxd:amd64 (2:8.1.2269-1ubuntu5, 2:8.1.2269-1ubuntu5.4)
End-Date: 2021-12-14  13:33:55
